0 silly argv {
0 silly argv   _: [ 'publish' ],
0 silly argv   composed: 'publish',
0 silly argv   lernaVersion: '6.0.1',
0 silly argv   '$0': 'lerna'
0 silly argv }
1 notice cli v6.0.1
2 verbose rootPath /Users/husamnasrallah/code/lerna
3 info versioning independent
4 error JSONError: Unexpected token "}" (0x7D) in JSON at position 1848 while parsing near "...84/Ozone-ui.git\",\n  }\n}" in packages/ui/package.json
4 error
4 error [0m [90m 59 |[39m     [32m"type"[39m[33m:[39m [32m"git"[39m[33m,[39m[0m
4 error [0m [90m 60 |[39m     [32m"url"[39m[33m:[39m [32m"https://github.com/abusiraj84/Ozone-ui.git"[39m[33m,[39m[0m
4 error [0m[31m[1m>[22m[39m[90m 61 |[39m   }[0m
4 error [0m [90m    |[39m   [31m[1m^[22m[39m[0m
4 error [0m [90m 62 |[39m }[0m
4 error
4 error     at parseJson (/Users/husamnasrallah/code/lerna/node_modules/parse-json/index.js:29:21)
4 error     at parse (/Users/husamnasrallah/code/lerna/node_modules/load-json-file/index.js:15:9)
4 error     at module.exports (/Users/husamnasrallah/code/lerna/node_modules/load-json-file/index.js:18:47)
